{
"G:\\wamp7\\www\\email_client\\app\\Email\\EmailDetail\\emailDetail.component.js":{"path":"G:\\wamp7\\www\\email_client\\app\\Email\\EmailDetail\\emailDetail.component.js","s":{"1":1,"2":2,"3":2,"4":2,"5":0,"6":0,"7":0,"8":2,"9":1,"10":2,"11":2,"12":1,"13":1,"14":1,"15":1,"16":3,"17":1,"18":1,"19":1,"20":1,"21":1,"22":1,"23":1},"b":{"1":[1,1,1],"2":[1,1],"3":[0,1],"4":[2,0],"5":[2,2],"6":[0,0],"7":[0,0],"8":[0,0],"9":[0,0],"10":[2,1,0],"11":[1,1,1],"12":[2,0],"13":[2,2]},"f":{"1":2,"2":2,"3":1,"4":3,"5":1},"fnMap":{"1":{"name":"(anonymous_1)","line":2,"loc":{"start":{"line":2,"column":46},"end":{"line":2,"column":87}}},"2":{"name":"(anonymous_2)","line":8,"loc":{"start":{"line":8,"column":46},"end":{"line":8,"column":62}}},"3":{"name":"(anonymous_3)","line":13,"loc":{"start":{"line":13,"column":28},"end":{"line":13,"column":40}}},"4":{"name":"EmailDetailComponent","line":14,"loc":{"start":{"line":14,"column":4},"end":{"line":14,"column":43}}},"5":{"name":"(anonymous_5)","line":17,"loc":{"start":{"line":17,"column":49},"end":{"line":17,"column":66}}}},"statementMap":{"1":{"start":{"line":2,"column":0},"end":{"line":7,"column":2}},"2":{"start":{"line":3,"column":4},"end":{"line":3,"column":129}},"3":{"start":{"line":4,"column":4},"end":{"line":5,"column":150}},"4":{"start":{"line":4,"column":79},"end":{"line":4,"column":131}},"5":{"start":{"line":5,"column":9},"end":{"line":5,"column":150}},"6":{"start":{"line":5,"column":58},"end":{"line":5,"column":150}},"7":{"start":{"line":5,"column":81},"end":{"line":5,"column":150}},"8":{"start":{"line":6,"column":4},"end":{"line":6,"column":66}},"9":{"start":{"line":8,"column":0},"end":{"line":10,"column":2}},"10":{"start":{"line":9,"column":4},"end":{"line":9,"column":109}},"11":{"start":{"line":9,"column":79},"end":{"line":9,"column":109}},"12":{"start":{"line":11,"column":0},"end":{"line":11,"column":38}},"13":{"start":{"line":12,"column":0},"end":{"line":12,"column":61}},"14":{"start":{"line":13,"column":0},"end":{"line":34,"column":5}},"15":{"start":{"line":14,"column":4},"end":{"line":16,"column":5}},"16":{"start":{"line":15,"column":8},"end":{"line":15,"column":31}},"17":{"start":{"line":17,"column":4},"end":{"line":20,"column":6}},"18":{"start":{"line":18,"column":8},"end":{"line":18,"column":49}},"19":{"start":{"line":19,"column":8},"end":{"line":19,"column":26}},"20":{"start":{"line":21,"column":4},"end":{"line":24,"column":56}},"21":{"start":{"line":25,"column":4},"end":{"line":32,"column":29}},"22":{"start":{"line":33,"column":4},"end":{"line":33,"column":32}},"23":{"start":{"line":35,"column":0},"end":{"line":35,"column":52}}},"branchMap":{"1":{"line":2,"type":"binary-expr","locations":[{"start":{"line":2,"column":18},"end":{"line":2,"column":22}},{"start":{"line":2,"column":26},"end":{"line":2,"column":41}},{"start":{"line":2,"column":46},"end":{"line":7,"column":1}}]},"2":{"line":3,"type":"cond-expr","locations":[{"start":{"line":3,"column":42},"end":{"line":3,"column":48}},{"start":{"line":3,"column":51},"end":{"line":3,"column":125}}]},"3":{"line":3,"type":"cond-expr","locations":[{"start":{"line":3,"column":67},"end":{"line":3,"column":118}},{"start":{"line":3,"column":121},"end":{"line":3,"column":125}}]},"4":{"line":4,"type":"if","locations":[{"start":{"line":4,"column":4},"end":{"line":4,"column":4}},{"start":{"line":4,"column":4},"end":{"line":4,"column":4}}]},"5":{"line":4,"type":"binary-expr","locations":[{"start":{"line":4,"column":8},"end":{"line":4,"column":35}},{"start":{"line":4,"column":39},"end":{"line":4,"column":77}}]},"6":{"line":5,"type":"if","locations":[{"start":{"line":5,"column":58},"end":{"line":5,"column":58}},{"start":{"line":5,"column":58},"end":{"line":5,"column":58}}]},"7":{"line":5,"type":"binary-expr","locations":[{"start":{"line":5,"column":86},"end":{"line":5,"column":143}},{"start":{"line":5,"column":148},"end":{"line":5,"column":149}}]},"8":{"line":5,"type":"cond-expr","locations":[{"start":{"line":5,"column":94},"end":{"line":5,"column":98}},{"start":{"line":5,"column":101},"end":{"line":5,"column":143}}]},"9":{"line":5,"type":"cond-expr","locations":[{"start":{"line":5,"column":109},"end":{"line":5,"column":126}},{"start":{"line":5,"column":129},"end":{"line":5,"column":143}}]},"10":{"line":6,"type":"binary-expr","locations":[{"start":{"line":6,"column":11},"end":{"line":6,"column":16}},{"start":{"line":6,"column":20},"end":{"line":6,"column":21}},{"start":{"line":6,"column":25},"end":{"line":6,"column":62}}]},"11":{"line":8,"type":"binary-expr","locations":[{"start":{"line":8,"column":18},"end":{"line":8,"column":22}},{"start":{"line":8,"column":26},"end":{"line":8,"column":41}},{"start":{"line":8,"column":46},"end":{"line":10,"column":1}}]},"12":{"line":9,"type":"if","locations":[{"start":{"line":9,"column":4},"end":{"line":9,"column":4}},{"start":{"line":9,"column":4},"end":{"line":9,"column":4}}]},"13":{"line":9,"type":"binary-expr","locations":[{"start":{"line":9,"column":8},"end":{"line":9,"column":35}},{"start":{"line":9,"column":39},"end":{"line":9,"column":77}}]}},"l":{"2":1,"3":2,"4":2,"5":0,"6":2,"8":1,"9":2,"11":1,"12":1,"13":1,"14":1,"15":3,"17":1,"18":1,"19":1,"21":1,"25":1,"33":1,"35":1}},
"G:\\wamp7\\www\\email_client\\app\\service\\email.service.js":{"path":"G:\\wamp7\\www\\email_client\\app\\service\\email.service.js","s":{"1":1,"2":1,"3":1,"4":1,"5":0,"6":0,"7":0,"8":1,"9":1,"10":1,"11":1,"12":1,"13":1,"14":1,"15":1,"16":6,"17":6,"18":1,"19":6,"20":5,"21":1,"22":3,"23":3,"24":3,"25":1,"26":3,"27":3,"28":1,"29":1,"30":0,"31":1,"32":2,"33":2,"34":10,"35":1,"36":1,"37":2,"38":1,"39":1,"40":1},"b":{"1":[1,1,1],"2":[1,0],"3":[0,0],"4":[1,0],"5":[1,1],"6":[0,0],"7":[0,0],"8":[0,0],"9":[0,0],"10":[1,0,0],"11":[1,1,1],"12":[1,0],"13":[1,1],"14":[3,0],"15":[0,0],"16":[1,9]},"f":{"1":1,"2":1,"3":1,"4":6,"5":6,"6":5,"7":3,"8":3,"9":3,"10":1,"11":2,"12":10},"fnMap":{"1":{"name":"(anonymous_1)","line":2,"loc":{"start":{"line":2,"column":46},"end":{"line":2,"column":87}}},"2":{"name":"(anonymous_2)","line":8,"loc":{"start":{"line":8,"column":46},"end":{"line":8,"column":62}}},"3":{"name":"(anonymous_3)","line":13,"loc":{"start":{"line":13,"column":20},"end":{"line":13,"column":32}}},"4":{"name":"EmailService","line":14,"loc":{"start":{"line":14,"column":4},"end":{"line":14,"column":32}}},"5":{"name":"(anonymous_5)","line":19,"loc":{"start":{"line":19,"column":13},"end":{"line":19,"column":25}}},"6":{"name":"(anonymous_6)","line":22,"loc":{"start":{"line":22,"column":13},"end":{"line":22,"column":31}}},"7":{"name":"(anonymous_7)","line":28,"loc":{"start":{"line":28,"column":39},"end":{"line":28,"column":51}}},"8":{"name":"(anonymous_8)","line":32,"loc":{"start":{"line":32,"column":18},"end":{"line":32,"column":33}}},"9":{"name":"(anonymous_9)","line":35,"loc":{"start":{"line":35,"column":43},"end":{"line":35,"column":58}}},"10":{"name":"(anonymous_10)","line":39,"loc":{"start":{"line":39,"column":41},"end":{"line":39,"column":58}}},"11":{"name":"(anonymous_11)","line":43,"loc":{"start":{"line":43,"column":41},"end":{"line":43,"column":56}}},"12":{"name":"(anonymous_12)","line":45,"loc":{"start":{"line":45,"column":28},"end":{"line":45,"column":52}}}},"statementMap":{"1":{"start":{"line":2,"column":0},"end":{"line":7,"column":2}},"2":{"start":{"line":3,"column":4},"end":{"line":3,"column":129}},"3":{"start":{"line":4,"column":4},"end":{"line":5,"column":150}},"4":{"start":{"line":4,"column":79},"end":{"line":4,"column":131}},"5":{"start":{"line":5,"column":9},"end":{"line":5,"column":150}},"6":{"start":{"line":5,"column":58},"end":{"line":5,"column":150}},"7":{"start":{"line":5,"column":81},"end":{"line":5,"column":150}},"8":{"start":{"line":6,"column":4},"end":{"line":6,"column":66}},"9":{"start":{"line":8,"column":0},"end":{"line":10,"column":2}},"10":{"start":{"line":9,"column":4},"end":{"line":9,"column":109}},"11":{"start":{"line":9,"column":79},"end":{"line":9,"column":109}},"12":{"start":{"line":11,"column":0},"end":{"line":11,"column":38}},"13":{"start":{"line":12,"column":0},"end":{"line":12,"column":38}},"14":{"start":{"line":13,"column":0},"end":{"line":58,"column":5}},"15":{"start":{"line":14,"column":4},"end":{"line":17,"column":5}},"16":{"start":{"line":15,"column":8},"end":{"line":15,"column":25}},"17":{"start":{"line":16,"column":8},"end":{"line":16,"column":51}},"18":{"start":{"line":18,"column":4},"end":{"line":27,"column":7}},"19":{"start":{"line":20,"column":12},"end":{"line":20,"column":32}},"20":{"start":{"line":23,"column":12},"end":{"line":23,"column":34}},"21":{"start":{"line":28,"column":4},"end":{"line":34,"column":6}},"22":{"start":{"line":29,"column":8},"end":{"line":29,"column":25}},"23":{"start":{"line":30,"column":8},"end":{"line":33,"column":37}},"24":{"start":{"line":32,"column":35},"end":{"line":32,"column":82}},"25":{"start":{"line":35,"column":4},"end":{"line":38,"column":6}},"26":{"start":{"line":36,"column":8},"end":{"line":36,"column":30}},"27":{"start":{"line":37,"column":8},"end":{"line":37,"column":35}},"28":{"start":{"line":39,"column":4},"end":{"line":42,"column":6}},"29":{"start":{"line":40,"column":8},"end":{"line":40,"column":32}},"30":{"start":{"line":41,"column":8},"end":{"line":41,"column":42}},"31":{"start":{"line":43,"column":4},"end":{"line":52,"column":6}},"32":{"start":{"line":44,"column":8},"end":{"line":44,"column":25}},"33":{"start":{"line":45,"column":8},"end":{"line":50,"column":11}},"34":{"start":{"line":46,"column":12},"end":{"line":49,"column":13}},"35":{"start":{"line":47,"column":16},"end":{"line":47,"column":46}},"36":{"start":{"line":48,"column":16},"end":{"line":48,"column":45}},"37":{"start":{"line":51,"column":8},"end":{"line":51,"column":38}},"38":{"start":{"line":53,"column":4},"end":{"line":56,"column":21}},"39":{"start":{"line":57,"column":4},"end":{"line":57,"column":24}},"40":{"start":{"line":59,"column":0},"end":{"line":59,"column":36}}},"branchMap":{"1":{"line":2,"type":"binary-expr","locations":[{"start":{"line":2,"column":18},"end":{"line":2,"column":22}},{"start":{"line":2,"column":26},"end":{"line":2,"column":41}},{"start":{"line":2,"column":46},"end":{"line":7,"column":1}}]},"2":{"line":3,"type":"cond-expr","locations":[{"start":{"line":3,"column":42},"end":{"line":3,"column":48}},{"start":{"line":3,"column":51},"end":{"line":3,"column":125}}]},"3":{"line":3,"type":"cond-expr","locations":[{"start":{"line":3,"column":67},"end":{"line":3,"column":118}},{"start":{"line":3,"column":121},"end":{"line":3,"column":125}}]},"4":{"line":4,"type":"if","locations":[{"start":{"line":4,"column":4},"end":{"line":4,"column":4}},{"start":{"line":4,"column":4},"end":{"line":4,"column":4}}]},"5":{"line":4,"type":"binary-expr","locations":[{"start":{"line":4,"column":8},"end":{"line":4,"column":35}},{"start":{"line":4,"column":39},"end":{"line":4,"column":77}}]},"6":{"line":5,"type":"if","locations":[{"start":{"line":5,"column":58},"end":{"line":5,"column":58}},{"start":{"line":5,"column":58},"end":{"line":5,"column":58}}]},"7":{"line":5,"type":"binary-expr","locations":[{"start":{"line":5,"column":86},"end":{"line":5,"column":143}},{"start":{"line":5,"column":148},"end":{"line":5,"column":149}}]},"8":{"line":5,"type":"cond-expr","locations":[{"start":{"line":5,"column":94},"end":{"line":5,"column":98}},{"start":{"line":5,"column":101},"end":{"line":5,"column":143}}]},"9":{"line":5,"type":"cond-expr","locations":[{"start":{"line":5,"column":109},"end":{"line":5,"column":126}},{"start":{"line":5,"column":129},"end":{"line":5,"column":143}}]},"10":{"line":6,"type":"binary-expr","locations":[{"start":{"line":6,"column":11},"end":{"line":6,"column":16}},{"start":{"line":6,"column":20},"end":{"line":6,"column":21}},{"start":{"line":6,"column":25},"end":{"line":6,"column":62}}]},"11":{"line":8,"type":"binary-expr","locations":[{"start":{"line":8,"column":18},"end":{"line":8,"column":22}},{"start":{"line":8,"column":26},"end":{"line":8,"column":41}},{"start":{"line":8,"column":46},"end":{"line":10,"column":1}}]},"12":{"line":9,"type":"if","locations":[{"start":{"line":9,"column":4},"end":{"line":9,"column":4}},{"start":{"line":9,"column":4},"end":{"line":9,"column":4}}]},"13":{"line":9,"type":"binary-expr","locations":[{"start":{"line":9,"column":8},"end":{"line":9,"column":35}},{"start":{"line":9,"column":39},"end":{"line":9,"column":77}}]},"14":{"line":37,"type":"binary-expr","locations":[{"start":{"line":37,"column":15},"end":{"line":37,"column":28}},{"start":{"line":37,"column":32},"end":{"line":37,"column":34}}]},"15":{"line":41,"type":"binary-expr","locations":[{"start":{"line":41,"column":30},"end":{"line":41,"column":34}},{"start":{"line":41,"column":38},"end":{"line":41,"column":40}}]},"16":{"line":46,"type":"if","locations":[{"start":{"line":46,"column":12},"end":{"line":46,"column":12}},{"start":{"line":46,"column":12},"end":{"line":46,"column":12}}]}},"l":{"2":1,"3":1,"4":1,"5":0,"6":1,"8":1,"9":1,"11":1,"12":1,"13":1,"14":1,"15":6,"16":6,"18":1,"20":6,"23":5,"28":1,"29":3,"30":3,"32":3,"35":1,"36":3,"37":3,"39":1,"40":1,"41":0,"43":1,"44":2,"45":2,"46":10,"47":1,"48":1,"51":2,"53":1,"57":1,"59":1}},
"G:\\wamp7\\www\\email_client\\app\\mocks\\stubEmail.service.js":{"path":"G:\\wamp7\\www\\email_client\\app\\mocks\\stubEmail.service.js","s":{"1":1,"2":1,"3":1,"4":6,"5":1,"6":21,"7":6,"8":1,"9":6,"10":1,"11":2,"12":2,"13":10,"14":2,"15":2,"16":2,"17":1,"18":1},"b":{"1":[2,8]},"f":{"1":1,"2":6,"3":21,"4":6,"5":6,"6":2,"7":10},"fnMap":{"1":{"name":"(anonymous_1)","line":3,"loc":{"start":{"line":3,"column":24},"end":{"line":3,"column":36}}},"2":{"name":"StubEmailService","line":4,"loc":{"start":{"line":4,"column":4},"end":{"line":4,"column":32}}},"3":{"name":"(anonymous_3)","line":8,"loc":{"start":{"line":8,"column":13},"end":{"line":8,"column":25}}},"4":{"name":"(anonymous_4)","line":11,"loc":{"start":{"line":11,"column":13},"end":{"line":11,"column":31}}},"5":{"name":"(anonymous_5)","line":17,"loc":{"start":{"line":17,"column":43},"end":{"line":17,"column":55}}},"6":{"name":"(anonymous_6)","line":20,"loc":{"start":{"line":20,"column":45},"end":{"line":20,"column":60}}},"7":{"name":"(anonymous_7)","line":22,"loc":{"start":{"line":22,"column":28},"end":{"line":22,"column":52}}}},"statementMap":{"1":{"start":{"line":2,"column":0},"end":{"line":2,"column":43}},"2":{"start":{"line":3,"column":0},"end":{"line":31,"column":5}},"3":{"start":{"line":4,"column":4},"end":{"line":6,"column":5}},"4":{"start":{"line":5,"column":8},"end":{"line":5,"column":61}},"5":{"start":{"line":7,"column":4},"end":{"line":16,"column":7}},"6":{"start":{"line":9,"column":12},"end":{"line":9,"column":32}},"7":{"start":{"line":12,"column":12},"end":{"line":12,"column":34}},"8":{"start":{"line":17,"column":4},"end":{"line":19,"column":6}},"9":{"start":{"line":18,"column":8},"end":{"line":18,"column":44}},"10":{"start":{"line":20,"column":4},"end":{"line":29,"column":6}},"11":{"start":{"line":21,"column":8},"end":{"line":21,"column":25}},"12":{"start":{"line":22,"column":8},"end":{"line":27,"column":11}},"13":{"start":{"line":23,"column":12},"end":{"line":26,"column":13}},"14":{"start":{"line":24,"column":16},"end":{"line":24,"column":46}},"15":{"start":{"line":25,"column":16},"end":{"line":25,"column":45}},"16":{"start":{"line":28,"column":8},"end":{"line":28,"column":38}},"17":{"start":{"line":30,"column":4},"end":{"line":30,"column":28}},"18":{"start":{"line":32,"column":0},"end":{"line":32,"column":44}}},"branchMap":{"1":{"line":23,"type":"if","locations":[{"start":{"line":23,"column":12},"end":{"line":23,"column":12}},{"start":{"line":23,"column":12},"end":{"line":23,"column":12}}]}},"l":{"2":1,"3":1,"4":1,"5":6,"7":1,"9":21,"12":6,"17":1,"18":6,"20":1,"21":2,"22":2,"23":10,"24":2,"25":2,"28":2,"30":1,"32":1}},
"G:\\wamp7\\www\\email_client\\app\\mocks\\email-mock.js":{"path":"G:\\wamp7\\www\\email_client\\app\\mocks\\email-mock.js","s":{"1":1},"b":{},"f":{},"fnMap":{},"statementMap":{"1":{"start":{"line":2,"column":0},"end":{"line":45,"column":2}}},"branchMap":{},"l":{"2":1}},
"G:\\wamp7\\www\\email_client\\app\\Email\\email.component.js":{"path":"G:\\wamp7\\www\\email_client\\app\\Email\\email.component.js","s":{"1":1,"2":1,"3":1,"4":1,"5":0,"6":0,"7":0,"8":1,"9":1,"10":1,"11":1,"12":1,"13":1,"14":1,"15":1,"16":1,"17":1,"18":1,"19":1},"b":{"1":[1,1,1],"2":[1,0],"3":[0,0],"4":[1,0],"5":[1,1],"6":[0,0],"7":[0,0],"8":[0,0],"9":[0,0],"10":[1,0,0],"11":[1,1,1],"12":[1,0],"13":[1,1]},"f":{"1":1,"2":1,"3":1,"4":1,"5":1},"fnMap":{"1":{"name":"(anonymous_1)","line":2,"loc":{"start":{"line":2,"column":46},"end":{"line":2,"column":87}}},"2":{"name":"(anonymous_2)","line":8,"loc":{"start":{"line":8,"column":46},"end":{"line":8,"column":62}}},"3":{"name":"(anonymous_3)","line":12,"loc":{"start":{"line":12,"column":22},"end":{"line":12,"column":34}}},"4":{"name":"EmailComponent","line":13,"loc":{"start":{"line":13,"column":4},"end":{"line":13,"column":30}}},"5":{"name":"(anonymous_5)","line":15,"loc":{"start":{"line":15,"column":42},"end":{"line":15,"column":59}}}},"statementMap":{"1":{"start":{"line":2,"column":0},"end":{"line":7,"column":2}},"2":{"start":{"line":3,"column":4},"end":{"line":3,"column":129}},"3":{"start":{"line":4,"column":4},"end":{"line":5,"column":150}},"4":{"start":{"line":4,"column":79},"end":{"line":4,"column":131}},"5":{"start":{"line":5,"column":9},"end":{"line":5,"column":150}},"6":{"start":{"line":5,"column":58},"end":{"line":5,"column":150}},"7":{"start":{"line":5,"column":81},"end":{"line":5,"column":150}},"8":{"start":{"line":6,"column":4},"end":{"line":6,"column":66}},"9":{"start":{"line":8,"column":0},"end":{"line":10,"column":2}},"10":{"start":{"line":9,"column":4},"end":{"line":9,"column":109}},"11":{"start":{"line":9,"column":79},"end":{"line":9,"column":109}},"12":{"start":{"line":11,"column":0},"end":{"line":11,"column":38}},"13":{"start":{"line":12,"column":0},"end":{"line":27,"column":5}},"14":{"start":{"line":13,"column":4},"end":{"line":14,"column":5}},"15":{"start":{"line":15,"column":4},"end":{"line":17,"column":6}},"16":{"start":{"line":16,"column":8},"end":{"line":16,"column":33}},"17":{"start":{"line":18,"column":4},"end":{"line":25,"column":23}},"18":{"start":{"line":26,"column":4},"end":{"line":26,"column":26}},"19":{"start":{"line":28,"column":0},"end":{"line":28,"column":40}}},"branchMap":{"1":{"line":2,"type":"binary-expr","locations":[{"start":{"line":2,"column":18},"end":{"line":2,"column":22}},{"start":{"line":2,"column":26},"end":{"line":2,"column":41}},{"start":{"line":2,"column":46},"end":{"line":7,"column":1}}]},"2":{"line":3,"type":"cond-expr","locations":[{"start":{"line":3,"column":42},"end":{"line":3,"column":48}},{"start":{"line":3,"column":51},"end":{"line":3,"column":125}}]},"3":{"line":3,"type":"cond-expr","locations":[{"start":{"line":3,"column":67},"end":{"line":3,"column":118}},{"start":{"line":3,"column":121},"end":{"line":3,"column":125}}]},"4":{"line":4,"type":"if","locations":[{"start":{"line":4,"column":4},"end":{"line":4,"column":4}},{"start":{"line":4,"column":4},"end":{"line":4,"column":4}}]},"5":{"line":4,"type":"binary-expr","locations":[{"start":{"line":4,"column":8},"end":{"line":4,"column":35}},{"start":{"line":4,"column":39},"end":{"line":4,"column":77}}]},"6":{"line":5,"type":"if","locations":[{"start":{"line":5,"column":58},"end":{"line":5,"column":58}},{"start":{"line":5,"column":58},"end":{"line":5,"column":58}}]},"7":{"line":5,"type":"binary-expr","locations":[{"start":{"line":5,"column":86},"end":{"line":5,"column":143}},{"start":{"line":5,"column":148},"end":{"line":5,"column":149}}]},"8":{"line":5,"type":"cond-expr","locations":[{"start":{"line":5,"column":94},"end":{"line":5,"column":98}},{"start":{"line":5,"column":101},"end":{"line":5,"column":143}}]},"9":{"line":5,"type":"cond-expr","locations":[{"start":{"line":5,"column":109},"end":{"line":5,"column":126}},{"start":{"line":5,"column":129},"end":{"line":5,"column":143}}]},"10":{"line":6,"type":"binary-expr","locations":[{"start":{"line":6,"column":11},"end":{"line":6,"column":16}},{"start":{"line":6,"column":20},"end":{"line":6,"column":21}},{"start":{"line":6,"column":25},"end":{"line":6,"column":62}}]},"11":{"line":8,"type":"binary-expr","locations":[{"start":{"line":8,"column":18},"end":{"line":8,"column":22}},{"start":{"line":8,"column":26},"end":{"line":8,"column":41}},{"start":{"line":8,"column":46},"end":{"line":10,"column":1}}]},"12":{"line":9,"type":"if","locations":[{"start":{"line":9,"column":4},"end":{"line":9,"column":4}},{"start":{"line":9,"column":4},"end":{"line":9,"column":4}}]},"13":{"line":9,"type":"binary-expr","locations":[{"start":{"line":9,"column":8},"end":{"line":9,"column":35}},{"start":{"line":9,"column":39},"end":{"line":9,"column":77}}]}},"l":{"2":1,"3":1,"4":1,"5":0,"6":1,"8":1,"9":1,"11":1,"12":1,"13":1,"15":1,"16":1,"18":1,"26":1,"28":1}},
"G:\\wamp7\\www\\email_client\\app\\Email\\EmailList\\emailList.component.js":{"path":"G:\\wamp7\\www\\email_client\\app\\Email\\EmailList\\emailList.component.js","s":{"1":1,"2":2,"3":2,"4":2,"5":0,"6":0,"7":0,"8":2,"9":1,"10":2,"11":2,"12":1,"13":1,"14":1,"15":1,"16":4,"17":4,"18":4,"19":1,"20":6,"21":6,"22":6,"23":0,"24":0,"25":1,"26":1,"27":1,"28":1,"29":1,"30":1,"31":1,"32":0,"33":1,"34":1,"35":1,"36":1,"37":1},"b":{"1":[1,1,1],"2":[1,1],"3":[0,1],"4":[2,0],"5":[2,2],"6":[0,0],"7":[0,0],"8":[0,0],"9":[0,0],"10":[2,1,0],"11":[1,1,1],"12":[2,0],"13":[2,2],"14":[0,1]},"f":{"1":2,"2":2,"3":1,"4":4,"5":6,"6":6,"7":0,"8":1,"9":1},"fnMap":{"1":{"name":"(anonymous_1)","line":2,"loc":{"start":{"line":2,"column":46},"end":{"line":2,"column":87}}},"2":{"name":"(anonymous_2)","line":8,"loc":{"start":{"line":8,"column":46},"end":{"line":8,"column":62}}},"3":{"name":"(anonymous_3)","line":13,"loc":{"start":{"line":13,"column":26},"end":{"line":13,"column":38}}},"4":{"name":"EmailListComponent","line":14,"loc":{"start":{"line":14,"column":4},"end":{"line":14,"column":41}}},"5":{"name":"(anonymous_5)","line":19,"loc":{"start":{"line":19,"column":44},"end":{"line":19,"column":56}}},"6":{"name":"(anonymous_6)","line":22,"loc":{"start":{"line":22,"column":18},"end":{"line":22,"column":36}}},"7":{"name":"(anonymous_7)","line":25,"loc":{"start":{"line":25,"column":19},"end":{"line":25,"column":39}}},"8":{"name":"(anonymous_8)","line":30,"loc":{"start":{"line":30,"column":51},"end":{"line":30,"column":68}}},"9":{"name":"(anonymous_9)","line":36,"loc":{"start":{"line":36,"column":47},"end":{"line":36,"column":64}}}},"statementMap":{"1":{"start":{"line":2,"column":0},"end":{"line":7,"column":2}},"2":{"start":{"line":3,"column":4},"end":{"line":3,"column":129}},"3":{"start":{"line":4,"column":4},"end":{"line":5,"column":150}},"4":{"start":{"line":4,"column":79},"end":{"line":4,"column":131}},"5":{"start":{"line":5,"column":9},"end":{"line":5,"column":150}},"6":{"start":{"line":5,"column":58},"end":{"line":5,"column":150}},"7":{"start":{"line":5,"column":81},"end":{"line":5,"column":150}},"8":{"start":{"line":6,"column":4},"end":{"line":6,"column":66}},"9":{"start":{"line":8,"column":0},"end":{"line":10,"column":2}},"10":{"start":{"line":9,"column":4},"end":{"line":9,"column":109}},"11":{"start":{"line":9,"column":79},"end":{"line":9,"column":109}},"12":{"start":{"line":11,"column":0},"end":{"line":11,"column":38}},"13":{"start":{"line":12,"column":0},"end":{"line":12,"column":61}},"14":{"start":{"line":13,"column":0},"end":{"line":55,"column":5}},"15":{"start":{"line":14,"column":4},"end":{"line":18,"column":5}},"16":{"start":{"line":15,"column":8},"end":{"line":15,"column":31}},"17":{"start":{"line":16,"column":8},"end":{"line":16,"column":54}},"18":{"start":{"line":17,"column":8},"end":{"line":17,"column":33}},"19":{"start":{"line":19,"column":4},"end":{"line":29,"column":6}},"20":{"start":{"line":20,"column":8},"end":{"line":20,"column":25}},"21":{"start":{"line":21,"column":8},"end":{"line":28,"column":11}},"22":{"start":{"line":23,"column":12},"end":{"line":23,"column":34}},"23":{"start":{"line":26,"column":12},"end":{"line":26,"column":42}},"24":{"start":{"line":27,"column":12},"end":{"line":27,"column":34}},"25":{"start":{"line":30,"column":4},"end":{"line":35,"column":6}},"26":{"start":{"line":31,"column":8},"end":{"line":31,"column":32}},"27":{"start":{"line":32,"column":8},"end":{"line":32,"column":28}},"28":{"start":{"line":33,"column":8},"end":{"line":33,"column":40}},"29":{"start":{"line":34,"column":8},"end":{"line":34,"column":38}},"30":{"start":{"line":36,"column":4},"end":{"line":41,"column":6}},"31":{"start":{"line":37,"column":8},"end":{"line":39,"column":9}},"32":{"start":{"line":38,"column":12},"end":{"line":38,"column":41}},"33":{"start":{"line":40,"column":8},"end":{"line":40,"column":44}},"34":{"start":{"line":42,"column":4},"end":{"line":45,"column":61}},"35":{"start":{"line":46,"column":4},"end":{"line":53,"column":27}},"36":{"start":{"line":54,"column":4},"end":{"line":54,"column":30}},"37":{"start":{"line":56,"column":0},"end":{"line":56,"column":48}}},"branchMap":{"1":{"line":2,"type":"binary-expr","locations":[{"start":{"line":2,"column":18},"end":{"line":2,"column":22}},{"start":{"line":2,"column":26},"end":{"line":2,"column":41}},{"start":{"line":2,"column":46},"end":{"line":7,"column":1}}]},"2":{"line":3,"type":"cond-expr","locations":[{"start":{"line":3,"column":42},"end":{"line":3,"column":48}},{"start":{"line":3,"column":51},"end":{"line":3,"column":125}}]},"3":{"line":3,"type":"cond-expr","locations":[{"start":{"line":3,"column":67},"end":{"line":3,"column":118}},{"start":{"line":3,"column":121},"end":{"line":3,"column":125}}]},"4":{"line":4,"type":"if","locations":[{"start":{"line":4,"column":4},"end":{"line":4,"column":4}},{"start":{"line":4,"column":4},"end":{"line":4,"column":4}}]},"5":{"line":4,"type":"binary-expr","locations":[{"start":{"line":4,"column":8},"end":{"line":4,"column":35}},{"start":{"line":4,"column":39},"end":{"line":4,"column":77}}]},"6":{"line":5,"type":"if","locations":[{"start":{"line":5,"column":58},"end":{"line":5,"column":58}},{"start":{"line":5,"column":58},"end":{"line":5,"column":58}}]},"7":{"line":5,"type":"binary-expr","locations":[{"start":{"line":5,"column":86},"end":{"line":5,"column":143}},{"start":{"line":5,"column":148},"end":{"line":5,"column":149}}]},"8":{"line":5,"type":"cond-expr","locations":[{"start":{"line":5,"column":94},"end":{"line":5,"column":98}},{"start":{"line":5,"column":101},"end":{"line":5,"column":143}}]},"9":{"line":5,"type":"cond-expr","locations":[{"start":{"line":5,"column":109},"end":{"line":5,"column":126}},{"start":{"line":5,"column":129},"end":{"line":5,"column":143}}]},"10":{"line":6,"type":"binary-expr","locations":[{"start":{"line":6,"column":11},"end":{"line":6,"column":16}},{"start":{"line":6,"column":20},"end":{"line":6,"column":21}},{"start":{"line":6,"column":25},"end":{"line":6,"column":62}}]},"11":{"line":8,"type":"binary-expr","locations":[{"start":{"line":8,"column":18},"end":{"line":8,"column":22}},{"start":{"line":8,"column":26},"end":{"line":8,"column":41}},{"start":{"line":8,"column":46},"end":{"line":10,"column":1}}]},"12":{"line":9,"type":"if","locations":[{"start":{"line":9,"column":4},"end":{"line":9,"column":4}},{"start":{"line":9,"column":4},"end":{"line":9,"column":4}}]},"13":{"line":9,"type":"binary-expr","locations":[{"start":{"line":9,"column":8},"end":{"line":9,"column":35}},{"start":{"line":9,"column":39},"end":{"line":9,"column":77}}]},"14":{"line":37,"type":"if","locations":[{"start":{"line":37,"column":8},"end":{"line":37,"column":8}},{"start":{"line":37,"column":8},"end":{"line":37,"column":8}}]}},"l":{"2":1,"3":2,"4":2,"5":0,"6":2,"8":1,"9":2,"11":1,"12":1,"13":1,"14":1,"15":4,"16":4,"17":4,"19":1,"20":6,"21":6,"23":6,"26":0,"27":0,"30":1,"31":1,"32":1,"33":1,"34":1,"36":1,"37":1,"38":0,"40":1,"42":1,"46":1,"54":1,"56":1}},
"G:\\wamp7\\www\\email_client\\app\\app.component.js":{"path":"G:\\wamp7\\www\\email_client\\app\\app.component.js","s":{"1":1,"2":1,"3":1,"4":1,"5":0,"6":0,"7":0,"8":1,"9":1,"10":1,"11":1,"12":1,"13":1,"14":1,"15":1,"16":1,"17":1,"18":1,"19":1,"20":1,"21":1},"b":{"1":[1,1,1],"2":[1,0],"3":[0,0],"4":[1,0],"5":[1,1],"6":[0,0],"7":[0,0],"8":[0,0],"9":[0,0],"10":[1,0,0],"11":[1,1,1],"12":[1,0],"13":[1,1]},"f":{"1":1,"2":1,"3":1,"4":1,"5":1},"fnMap":{"1":{"name":"(anonymous_1)","line":2,"loc":{"start":{"line":2,"column":46},"end":{"line":2,"column":87}}},"2":{"name":"(anonymous_2)","line":8,"loc":{"start":{"line":8,"column":46},"end":{"line":8,"column":62}}},"3":{"name":"(anonymous_3)","line":13,"loc":{"start":{"line":13,"column":20},"end":{"line":13,"column":32}}},"4":{"name":"AppComponent","line":14,"loc":{"start":{"line":14,"column":4},"end":{"line":14,"column":44}}},"5":{"name":"(anonymous_5)","line":18,"loc":{"start":{"line":18,"column":45},"end":{"line":18,"column":57}}}},"statementMap":{"1":{"start":{"line":2,"column":0},"end":{"line":7,"column":2}},"2":{"start":{"line":3,"column":4},"end":{"line":3,"column":129}},"3":{"start":{"line":4,"column":4},"end":{"line":5,"column":150}},"4":{"start":{"line":4,"column":79},"end":{"line":4,"column":131}},"5":{"start":{"line":5,"column":9},"end":{"line":5,"column":150}},"6":{"start":{"line":5,"column":58},"end":{"line":5,"column":150}},"7":{"start":{"line":5,"column":81},"end":{"line":5,"column":150}},"8":{"start":{"line":6,"column":4},"end":{"line":6,"column":66}},"9":{"start":{"line":8,"column":0},"end":{"line":10,"column":2}},"10":{"start":{"line":9,"column":4},"end":{"line":9,"column":109}},"11":{"start":{"line":9,"column":79},"end":{"line":9,"column":109}},"12":{"start":{"line":11,"column":0},"end":{"line":11,"column":38}},"13":{"start":{"line":12,"column":0},"end":{"line":12,"column":28}},"14":{"start":{"line":13,"column":0},"end":{"line":29,"column":5}},"15":{"start":{"line":14,"column":4},"end":{"line":17,"column":5}},"16":{"start":{"line":15,"column":8},"end":{"line":15,"column":39}},"17":{"start":{"line":16,"column":8},"end":{"line":16,"column":49}},"18":{"start":{"line":18,"column":4},"end":{"line":19,"column":6}},"19":{"start":{"line":20,"column":4},"end":{"line":27,"column":21}},"20":{"start":{"line":28,"column":4},"end":{"line":28,"column":24}},"21":{"start":{"line":30,"column":0},"end":{"line":30,"column":36}}},"branchMap":{"1":{"line":2,"type":"binary-expr","locations":[{"start":{"line":2,"column":18},"end":{"line":2,"column":22}},{"start":{"line":2,"column":26},"end":{"line":2,"column":41}},{"start":{"line":2,"column":46},"end":{"line":7,"column":1}}]},"2":{"line":3,"type":"cond-expr","locations":[{"start":{"line":3,"column":42},"end":{"line":3,"column":48}},{"start":{"line":3,"column":51},"end":{"line":3,"column":125}}]},"3":{"line":3,"type":"cond-expr","locations":[{"start":{"line":3,"column":67},"end":{"line":3,"column":118}},{"start":{"line":3,"column":121},"end":{"line":3,"column":125}}]},"4":{"line":4,"type":"if","locations":[{"start":{"line":4,"column":4},"end":{"line":4,"column":4}},{"start":{"line":4,"column":4},"end":{"line":4,"column":4}}]},"5":{"line":4,"type":"binary-expr","locations":[{"start":{"line":4,"column":8},"end":{"line":4,"column":35}},{"start":{"line":4,"column":39},"end":{"line":4,"column":77}}]},"6":{"line":5,"type":"if","locations":[{"start":{"line":5,"column":58},"end":{"line":5,"column":58}},{"start":{"line":5,"column":58},"end":{"line":5,"column":58}}]},"7":{"line":5,"type":"binary-expr","locations":[{"start":{"line":5,"column":86},"end":{"line":5,"column":143}},{"start":{"line":5,"column":148},"end":{"line":5,"column":149}}]},"8":{"line":5,"type":"cond-expr","locations":[{"start":{"line":5,"column":94},"end":{"line":5,"column":98}},{"start":{"line":5,"column":101},"end":{"line":5,"column":143}}]},"9":{"line":5,"type":"cond-expr","locations":[{"start":{"line":5,"column":109},"end":{"line":5,"column":126}},{"start":{"line":5,"column":129},"end":{"line":5,"column":143}}]},"10":{"line":6,"type":"binary-expr","locations":[{"start":{"line":6,"column":11},"end":{"line":6,"column":16}},{"start":{"line":6,"column":20},"end":{"line":6,"column":21}},{"start":{"line":6,"column":25},"end":{"line":6,"column":62}}]},"11":{"line":8,"type":"binary-expr","locations":[{"start":{"line":8,"column":18},"end":{"line":8,"column":22}},{"start":{"line":8,"column":26},"end":{"line":8,"column":41}},{"start":{"line":8,"column":46},"end":{"line":10,"column":1}}]},"12":{"line":9,"type":"if","locations":[{"start":{"line":9,"column":4},"end":{"line":9,"column":4}},{"start":{"line":9,"column":4},"end":{"line":9,"column":4}}]},"13":{"line":9,"type":"binary-expr","locations":[{"start":{"line":9,"column":8},"end":{"line":9,"column":35}},{"start":{"line":9,"column":39},"end":{"line":9,"column":77}}]}},"l":{"2":1,"3":1,"4":1,"5":0,"6":1,"8":1,"9":1,"11":1,"12":1,"13":1,"14":1,"15":1,"16":1,"18":1,"20":1,"28":1,"30":1}},
"G:\\wamp7\\www\\email_client\\app\\rxjs-operators.js":{"path":"G:\\wamp7\\www\\email_client\\app\\rxjs-operators.js","s":{"1":1,"2":1,"3":1,"4":1,"5":1,"6":1,"7":1},"b":{},"f":{},"fnMap":{},"statementMap":{"1":{"start":{"line":6,"column":0},"end":{"line":6,"column":37}},"2":{"start":{"line":8,"column":0},"end":{"line":8,"column":35}},"3":{"start":{"line":9,"column":0},"end":{"line":9,"column":42}},"4":{"start":{"line":10,"column":0},"end":{"line":10,"column":50}},"5":{"start":{"line":11,"column":0},"end":{"line":11,"column":33}},"6":{"start":{"line":12,"column":0},"end":{"line":12,"column":39}},"7":{"start":{"line":13,"column":0},"end":{"line":13,"column":39}}},"branchMap":{},"l":{"6":1,"8":1,"9":1,"10":1,"11":1,"12":1,"13":1}}}
